<?xml version="1.0" encoding="UTF-8"?>
<testsuite xmlns:xsi="http://www.w3.org/2001/XMLSchema-instance" xsi:noNamespaceSchemaLocation="https://maven.apache.org/surefire/maven-surefire-plugin/xsd/surefire-test-report.xsd" name="com.oculux.se284.DataflowTest" time="0.001" tests="1" errors="0" skipped="0" failures="0">
  <properties>
    <property name="java.specification.version" value="17"/>
    <property name="sun.cpu.isalist" value="amd64"/>
    <property name="sun.jnu.encoding" value="Cp1252"/>
    <property name="java.class.path" value="C:\run\repos\se284\Algorithms\target\test-classes;C:\run\repos\se284\Algorithms\target\classes;C:\Users\natew\.m2\repository\junit\junit\4.13.2\junit-4.13.2.jar;C:\Users\natew\.m2\repository\org\hamcrest\hamcrest-core\1.3\hamcrest-core-1.3.jar;C:\Users\natew\.m2\repository\org\junit\jupiter\junit-jupiter-api\5.8.2\junit-jupiter-api-5.8.2.jar;C:\Users\natew\.m2\repository\org\opentest4j\opentest4j\1.2.0\opentest4j-1.2.0.jar;C:\Users\natew\.m2\repository\org\junit\platform\junit-platform-commons\1.8.2\junit-platform-commons-1.8.2.jar;C:\Users\natew\.m2\repository\org\apiguardian\apiguardian-api\1.1.2\apiguardian-api-1.1.2.jar;C:\Users\natew\.m2\repository\org\assertj\assertj-core\3.19.0\assertj-core-3.19.0.jar;C:\Users\natew\.m2\repository\org\codehaus\plexus\plexus-utils\3.4.2\plexus-utils-3.4.2.jar;"/>
    <property name="java.vm.vendor" value="Oracle Corporation"/>
    <property name="sun.arch.data.model" value="64"/>
    <property name="user.variant" value=""/>
    <property name="java.vendor.url" value="https://java.oracle.com/"/>
    <property name="user.timezone" value="Pacific/Auckland"/>
    <property name="os.name" value="Windows 11"/>
    <property name="java.vm.specification.version" value="17"/>
    <property name="sun.java.launcher" value="SUN_STANDARD"/>
    <property name="user.country" value="NZ"/>
    <property name="sun.boot.library.path" value="C:\Program Files\Java\jdk-17\bin"/>
    <property name="sun.java.command" value="C:\Users\natew\AppData\Local\Temp\surefire15284481999929176984\surefirebooter5776035001306692971.jar C:\Users\natew\AppData\Local\Temp\surefire15284481999929176984 2023-10-28T11-22-32_318-jvmRun1 surefire11360776946654575878tmp surefire_017744647064964183971tmp"/>
    <property name="jdk.debug" value="release"/>
    <property name="surefire.test.class.path" value="C:\run\repos\se284\Algorithms\target\test-classes;C:\run\repos\se284\Algorithms\target\classes;C:\Users\natew\.m2\repository\junit\junit\4.13.2\junit-4.13.2.jar;C:\Users\natew\.m2\repository\org\hamcrest\hamcrest-core\1.3\hamcrest-core-1.3.jar;C:\Users\natew\.m2\repository\org\junit\jupiter\junit-jupiter-api\5.8.2\junit-jupiter-api-5.8.2.jar;C:\Users\natew\.m2\repository\org\opentest4j\opentest4j\1.2.0\opentest4j-1.2.0.jar;C:\Users\natew\.m2\repository\org\junit\platform\junit-platform-commons\1.8.2\junit-platform-commons-1.8.2.jar;C:\Users\natew\.m2\repository\org\apiguardian\apiguardian-api\1.1.2\apiguardian-api-1.1.2.jar;C:\Users\natew\.m2\repository\org\assertj\assertj-core\3.19.0\assertj-core-3.19.0.jar;C:\Users\natew\.m2\repository\org\codehaus\plexus\plexus-utils\3.4.2\plexus-utils-3.4.2.jar;"/>
    <property name="sun.cpu.endian" value="little"/>
    <property name="user.home" value="C:\Users\natew"/>
    <property name="user.language" value="en"/>
    <property name="java.specification.vendor" value="Oracle Corporation"/>
    <property name="java.version.date" value="2023-01-17"/>
    <property name="java.home" value="C:\Program Files\Java\jdk-17"/>
    <property name="file.separator" value="\"/>
    <property name="basedir" value="C:\run\repos\se284\Algorithms"/>
    <property name="java.vm.compressedOopsMode" value="Zero based"/>
    <property name="line.separator" value="&#10;"/>
    <property name="java.vm.specification.vendor" value="Oracle Corporation"/>
    <property name="java.specification.name" value="Java Platform API Specification"/>
    <property name="surefire.real.class.path" value="C:\Users\natew\AppData\Local\Temp\surefire15284481999929176984\surefirebooter5776035001306692971.jar"/>
    <property name="user.script" value=""/>
    <property name="sun.management.compiler" value="HotSpot 64-Bit Tiered Compilers"/>
    <property name="java.runtime.version" value="17.0.6+9-LTS-190"/>
    <property name="user.name" value="natew"/>
    <property name="path.separator" value=";"/>
    <property name="os.version" value="10.0"/>
    <property name="java.runtime.name" value="Java(TM) SE Runtime Environment"/>
    <property name="file.encoding" value="Cp1252"/>
    <property name="java.vm.name" value="Java HotSpot(TM) 64-Bit Server VM"/>
    <property name="localRepository" value="C:\Users\natew\.m2\repository"/>
    <property name="java.vendor.url.bug" value="https://bugreport.java.com/bugreport/"/>
    <property name="java.io.tmpdir" value="C:\Users\natew\AppData\Local\Temp\"/>
    <property name="java.version" value="17.0.6"/>
    <property name="user.dir" value="C:\run\repos\se284\Algorithms"/>
    <property name="os.arch" value="amd64"/>
    <property name="java.vm.specification.name" value="Java Virtual Machine Specification"/>
    <property name="sun.os.patch.level" value=""/>
    <property name="native.encoding" value="Cp1252"/>
    <property name="java.library.path" value="C:\Program Files\Java\jdk-17\bin;C:\WINDOWS\Sun\Java\bin;C:\WINDOWS\system32;C:\WINDOWS;C:\Program Files\PowerShell\7;C:\Python311\Scripts\;C:\Python311\;C:\Program Files\Common Files\Oracle\Java\javapath;C:\WINDOWS\system32;C:\WINDOWS;C:\WINDOWS\System32\Wbem;C:\WINDOWS\System32\WindowsPowerShell\v1.0\;C:\WINDOWS\System32\OpenSSH\;C:\Program Files\dotnet\;C:\Program Files\Microsoft SQL Server\150\Tools\Binn\;C:\Program Files\Microsoft SQL Server\Client SDK\ODBC\170\Tools\Binn\;C:\Program Files\MATLAB\R2022b\bin;C:\Program Files\Inkscape\bin;C:\Program Files\Git\cmd;C:\ProgramData\chocolatey\bin;C:\Users\natew\AppData\Roaming\nvm;C:\Program Files\nodejs;C:\Program Files\Microchip\xc8\v2.36\bin;C:\run\cmdapps\yt-dlp;C:\run\cmdapps\ffmpeg;C:\run\cmdapps\avrdude;;C:\Users\natew\AppData\Local\Programs\Microsoft VS Code;C:\Program Files\PowerShell\7\;C:\run\cmdapps\apache-maven-3.9.5\bin;C:\Users\natew\.console-ninja\.bin;C:\bin;C:\Python311\Scripts\;C:\Python311\;C:\Program Files\Common Files\Oracle\Java\javapath;C:\WINDOWS\system32;C:\WINDOWS;C:\WINDOWS\System32\Wbem;C:\WINDOWS\System32\WindowsPowerShell\v1.0\;C:\WINDOWS\System32\OpenSSH\;C:\Program Files\dotnet\;C:\Program Files\Microsoft SQL Server\150\Tools\Binn\;C:\Program Files\Microsoft SQL Server\Client SDK\ODBC\170\Tools\Binn\;C:\Program Files\MATLAB\R2022b\bin;C:\Program Files\Inkscape\bin;C:\Program Files\Git\cmd;C:\ProgramData\chocolatey\bin;C:\Users\natew\AppData\Roaming\nvm;C:\Program Files\nodejs;C:\Program Files\Microchip\xc8\v2.36\bin;C:\run\cmdapps\yt-dlp;C:\run\cmdapps\ffmpeg;C:\run\cmdapps\avrdude;;C:\Users\natew\AppData\Local\Programs\Microsoft VS Code;C:\Program Files\PowerShell\7\;C:\run\cmdapps\apache-maven-3.9.5\bin;C:\bin;C:\Python311\Scripts\;C:\Python311\;C:\Program Files\Common Files\Oracle\Java\javapath;C:\WINDOWS\system32;C:\WINDOWS;C:\WINDOWS\System32\Wbem;C:\WINDOWS\System32\WindowsPowerShell\v1.0\;C:\WINDOWS\System32\OpenSSH\;C:\Program Files\dotnet\;C:\Program Files\Microsoft SQL Server\150\Tools\Binn\;C:\Program Files\Microsoft SQL Server\Client SDK\ODBC\170\Tools\Binn\;C:\Program Files\MATLAB\R2022b\bin;C:\Program Files\Inkscape\bin;C:\Program Files\Git\cmd;C:\ProgramData\chocolatey\bin;C:\Users\natew\AppData\Roaming\nvm;C:\Program Files\nodejs;C:\Program Files\Microchip\xc8\v2.36\bin;C:\run\cmdapps\yt-dlp;C:\run\cmdapps\ffmpeg;C:\run\cmdapps\avrdude;;C:\Users\natew\AppData\Local\Programs\Microsoft VS Code;C:\Program Files\PowerShell\7\;C:\run\cmdapps\apache-maven-3.9.5\bin;;C:\Users\natew\AppData\Local\Programs\Microsoft VS Code;C:\Program Files\Java\jdk-17;C:\Users\natew\AppData\Local\Programs\Microsoft VS Code\bin;C:\Users\natew\AppData\Roaming\nvm;C:\Program Files\nodejs;C:\run\cmdapps\apache-maven-3.9.5\bin;C:\run\cmdapps\*;;C:\Users\natew\AppData\Local\Programs\Microsoft VS Code;C:\Program Files\Java\jdk-17;C:\Users\natew\AppData\Local\Programs\Microsoft VS Code\bin;C:\Users\natew\AppData\Roaming\nvm;C:\Program Files\nodejs;C:\run\cmdapps\apache-maven-3.9.5\bin;C:\run\cmdapps\*;;."/>
    <property name="java.vm.info" value="mixed mode, sharing"/>
    <property name="java.vendor" value="Oracle Corporation"/>
    <property name="java.vm.version" value="17.0.6+9-LTS-190"/>
    <property name="sun.io.unicode.encoding" value="UnicodeLittle"/>
    <property name="java.class.version" value="61.0"/>
  </properties>
  <testcase name="testYearInLoop" classname="com.oculux.se284.DataflowTest" time="0"/>
</testsuite>